HMO 0.1 (Linux)
Author: Dr. Jun Zhang, ZhangJunQcc@gmail.com
Command line: " bin\hmo.exe styrene.inp "

Input file name:    styrene.inp
Charge:             0
Bonding thresohold: 1.80000000
Molecule:
-->
 C                 -3.33505854   -4.05509747    0.03172776
 C                 -1.93989854   -4.05509747    0.03172776
 C                 -1.24236054   -2.84734647    0.03172776
 C                 -1.94001454   -1.63883747    0.03052876
 C                 -3.33483954   -1.63891547    0.03004976
 C                 -4.03244054   -2.84712147    0.03104576
 C                 -1.16951047   -0.30544951    0.03044614
 C                 -1.84201131    0.87111682    0.02928423
 C                 -1.06360352    2.19990338    0.03203690
 C                 -1.75320092    3.41233984    0.03084857
 C                  0.33149892    2.19089168    0.03626174
 C                 -1.04780409    4.61603387    0.03357108
 C                  1.03679478    3.39425768    0.03850471
 C                  0.34687625    4.60719876    0.03679910
<--

Hueckel calculation:

  MO Indices:               1               2               3 
  Occupation:               2               2               2 
 Eigenvalues:      3.21050865      3.06407743      2.50466736 
    Energies:      a+2.21051b      a+2.06408b      a+1.50467b 
           1       0.18305145     -0.25721905      0.36874498 
           2       0.20231841     -0.26546002      0.27741927 
           3       0.26417514     -0.29071098      0.04867874 
           4       0.38164303     -0.33458996     -0.20417396 
           5       0.26417514     -0.29071098      0.04867874 
           6       0.20231841     -0.26546002      0.27741927 
           7       0.31527493     -0.10919762     -0.40457137 
           8       0.31527493      0.10919762     -0.40457137 
           9       0.38164303      0.33458996     -0.20417396 
          10       0.26417514      0.29071098      0.04867874 
          11       0.26417514      0.29071098      0.04867874 
          12       0.20231841      0.26546002      0.27741927 
          13       0.20231841      0.26546002      0.27741927 
          14       0.18305145      0.25721905      0.36874498 

  MO Indices:               4               5               6 
  Occupation:               2               2               2 
 Eigenvalues:      2.15538281      2.00000000      2.00000000 
    Energies:      a+1.15538b      a+1.00000b      a+1.00000b 
           1       0.40736236     -0.00000000      0.00000000 
           2       0.23532973      0.49794660     -0.04526787 
           3      -0.13546643      0.49794660     -0.04526787 
           4      -0.39184532      0.00000000     -0.00000000 
           5      -0.13546643     -0.49794660      0.04526787 
           6       0.23532973     -0.49794660      0.04526787 
           7      -0.18179848      0.00000000      0.00000000 
           8       0.18179848      0.00000000      0.00000000 
           9       0.39184532     -0.00000000      0.00000000 
          10       0.13546643      0.04526787      0.49794660 
          11       0.13546643     -0.04526787     -0.49794660 
          12      -0.23532973      0.04526787      0.49794660 
          13      -0.23532973     -0.04526787     -0.49794660 
          14      -0.40736236     -0.00000000     -0.00000000 

  MO Indices:               7               8               9 
  Occupation:               2               0               0 
 Eigenvalues:      1.50428423      0.49571577      0.00000000 
    Energies:      a+0.50428b      a-0.50428b      a-1.00000b 
           1      -0.31370938      0.31370938      0.00000000 
           2      -0.07909935     -0.07909935      0.09779756 
           3       0.27382083     -0.27382083     -0.09779756 
           4       0.21718287      0.21718287      0.00000000 
           5       0.27382083     -0.27382083      0.09779756 
           6      -0.07909935     -0.07909935     -0.09779756 
           7      -0.43811976      0.43811976     -0.00000000 
           8      -0.43811976     -0.43811976     -0.00000000 
           9       0.21718287     -0.21718287      0.00000000 
          10       0.27382083      0.27382083      0.49034237 
          11       0.27382083      0.27382083     -0.49034237 
          12      -0.07909935      0.07909935     -0.49034237 
          13      -0.07909935      0.07909935      0.49034237 
          14      -0.31370938     -0.31370938      0.00000000 

  MO Indices:              10              11              12 
  Occupation:               0               0               0 
 Eigenvalues:     -0.00000000     -0.15538281     -0.50466736 
    Energies:      a-1.00000b      a-1.15538b      a-1.50467b 
           1      -0.00000000      0.40736236     -0.36874498 
           2      -0.49034237     -0.23532973      0.27741927 
           3       0.49034237     -0.13546643     -0.04867874 
           4       0.00000000      0.39184532     -0.20417396 
           5      -0.49034237     -0.13546643     -0.04867874 
           6       0.49034237     -0.23532973      0.27741927 
           7       0.00000000     -0.18179848      0.40457137 
           8       0.00000000     -0.18179848     -0.40457137 
           9      -0.00000000      0.39184532      0.20417396 
          10       0.09779756     -0.13546643      0.04867874 
          11      -0.09779756     -0.13546643      0.04867874 
          12      -0.09779756     -0.23532973     -0.27741927 
          13       0.09779756     -0.23532973     -0.27741927 
          14      -0.00000000      0.40736236      0.36874498 

  MO Indices:              13              14 
  Occupation:               0               0 
 Eigenvalues:     -1.06407743     -1.21050865 
    Energies:      a-2.06408b      a-2.21051b 
           1       0.25721905     -0.18305145 
           2      -0.26546002      0.20231841 
           3       0.29071098     -0.26417514 
           4      -0.33458996      0.38164303 
           5       0.29071098     -0.26417514 
           6      -0.26546002      0.20231841 
           7       0.10919762     -0.31527493 
           8       0.10919762      0.31527493 
           9      -0.33458996     -0.38164303 
          10       0.29071098      0.26417514 
          11       0.29071098      0.26417514 
          12      -0.26546002     -0.20231841 
          13      -0.26546002     -0.20231841 
          14       0.25721905      0.18305145 

Orbital Energies:
   #           Occupation           Eigenvalue               Energy
   1                    2           3.21050865           a+2.21051b
   2                    2           3.06407743           a+2.06408b
   3                    2           2.50466736           a+1.50467b
   4                    2           2.15538281           a+1.15538b
   5                    2           2.00000000           a+1.00000b
   6                    2           2.00000000           a+1.00000b
   7                    2           1.50428423           a+0.50428b
   8                    0           0.49571577           a-0.50428b
   9                    0           0.00000000           a-1.00000b
  10                    0          -0.00000000           a-1.00000b
  11                    0          -0.15538281           a-1.15538b
  12                    0          -0.50466736           a-1.50467b
  13                    0          -1.06407743           a-2.06408b
  14                    0          -1.21050865           a-2.21051b

Orbital Summary:
  Degeneracy     AccOcc           Eigenvalue               Energy
           1          2           3.21050865           a+2.21051b
           1          4           3.06407743           a+2.06408b
           1          6           2.50466736           a+1.50467b
           1          8           2.15538281           a+1.15538b
           2         12           2.00000000           a+1.00000b
           1         14           1.50428423           a+0.50428b
           1         14           0.49571577           a-0.50428b
           2         14           0.00000000           a-1.00000b
           1         14          -0.15538281           a-1.15538b
           1         14          -0.50466736           a-1.50467b
           1         14          -1.06407743           a-2.06408b
           1         14          -1.21050865           a-2.21051b

Bond orders:
           #           Bond order
         1-1           1.00000000
         1-2           0.65658339
         1-3           0.00000000
         1-4          -0.29424047
         1-5           0.00000000
         1-6           0.65658339
         1-7           0.00000000
         1-8           0.18388059
         1-9          -0.00000000
        1-10          -0.07836992
        1-11          -0.07836992
        1-12           0.00000000
        1-13           0.00000000
        1-14           0.07157708
         2-2           1.00000000
         2-3           0.68117146
         2-4           0.00000000
         2-5          -0.31882854
         2-6          -0.00000000
         2-7          -0.05517994
         2-8          -0.00000000
         2-9           0.01357038
        2-10          -0.00000000
        2-11           0.00000000
        2-12          -0.00339642
        2-13          -0.00339642
        2-14           0.00000000
         3-3           1.00000000
         3-4           0.60140345
         3-5          -0.00000000
         3-6          -0.31882854
         3-7          -0.00000000
         3-8          -0.22549015
         3-9           0.00000000
        3-10           0.08854388
        3-11           0.08854388
        3-12          -0.00000000
        3-13           0.00000000
        3-14          -0.07836992
         4-4           1.00000000
         4-5           0.60140345
         4-6           0.00000000
         4-7           0.43109324
         4-8          -0.00000000
         4-9          -0.06197278
        4-10           0.00000000
        4-11          -0.00000000
        4-12           0.01357038
        4-13           0.01357038
        4-14           0.00000000
         5-5           1.00000000
         5-6           0.68117146
         5-7          -0.00000000
         5-8          -0.22549015
         5-9           0.00000000
        5-10           0.08854388
        5-11           0.08854388
        5-12          -0.00000000
        5-13           0.00000000
        5-14          -0.07836992
         6-6           1.00000000
         6-7          -0.05517994
         6-8          -0.00000000
         6-9           0.01357038
        6-10           0.00000000
        6-11          -0.00000000
        6-12          -0.00339642
        6-13          -0.00339642
        6-14          -0.00000000
         7-7           1.00000000
         7-8           0.82010077
         7-9          -0.00000000
        7-10          -0.22549015
        7-11          -0.22549015
        7-12           0.00000000
        7-13           0.00000000
        7-14           0.18388059
         8-8           1.00000000
         8-9           0.43109324
        8-10           0.00000000
        8-11          -0.00000000
        8-12          -0.05517994
        8-13          -0.05517994
        8-14           0.00000000
         9-9           1.00000000
        9-10           0.60140345
        9-11           0.60140345
        9-12          -0.00000000
        9-13           0.00000000
        9-14          -0.29424047
       10-10           1.00000000
       10-11           0.00000000
       10-12           0.68117146
       10-13          -0.31882854
       10-14          -0.00000000
       11-11           1.00000000
       11-12          -0.31882854
       11-13           0.68117146
       11-14          -0.00000000
       12-12           1.00000000
       12-13          -0.00000000
       12-14           0.65658339
       13-13           1.00000000
       13-14           0.65658339
       14-14           1.00000000

Atomic Properties:
           #     Electron Density           Pi Valence
           1           1.00000000           1.31316679
           2           1.00000000           1.33775485
           3           1.00000000           1.28257491
           4           1.00000000           1.63390015
           5           1.00000000           1.28257491
           6           1.00000000           1.33775485
           7           1.00000000           1.25119401
           8           1.00000000           1.25119401
           9           1.00000000           1.63390015
          10           1.00000000           1.28257491
          11           1.00000000           1.28257491
          12           1.00000000           1.33775485
          13           1.00000000           1.33775485
          14           1.00000000           1.31316679

We suggest to use the following Graphivz command to render styrene.dot:

   >>>>>>  sfdp styrene.dot -Tpdf -o styrene.pdf


===== (^ _ ^) =====
Normal termination at Tue Aug 01 12:46:03 2017.
